2025-08-22 22:12:18,344 [INFO] === Bot started ===
2025-08-22 22:12:18,775 [ERROR] Error: Invalid format for parameter start: error parsing '2025-08-17T22:12:18.344776' as RFC3339 or 2006-01-02 time: parsing time "2025-08-17T22:12:18.344776": extra text: "T22:12:18.344776"
2025-08-22 22:14:32,278 [INFO] === Bot started ===
2025-08-22 22:14:32,620 [ERROR] Error: subscription does not permit querying recent SIP data
2025-08-22 22:16:16,236 [INFO] === Bot started ===
2025-08-22 22:16:16,586 [WARNING] Erreur avec les données gratuites: subscription does not permit querying recent SIP data, utilisation de données simulées
2025-08-22 22:16:16,993 [ERROR] Error: 'REST' object has no attribute 'get_last_trade'
2025-08-22 22:17:29,573 [INFO] === Bot started ===
2025-08-22 22:17:29,925 [WARNING] Erreur avec les données gratuites: subscription does not permit querying recent SIP data, utilisation de données simulées
2025-08-22 22:17:30,562 [INFO] CLOSE AAPL at 227.74
2025-08-22 22:18:30,661 [WARNING] Erreur avec les données gratuites: subscription does not permit querying recent SIP data, utilisation de données simulées
2025-08-22 22:18:31,032 [ERROR] Erreur dans manage_trade: insufficient qty available for order (requested: 1, available: 0)
2025-08-22 22:20:50,888 [INFO] === Bot started ===
2025-08-22 22:20:51,304 [WARNING] Erreur avec les données gratuites: subscription does not permit querying recent SIP data, utilisation de données simulées
2025-08-22 22:20:51,938 [ERROR] Erreur dans manage_trade: insufficient qty available for order (requested: 1, available: 0)
2025-08-22 22:21:22,294 [INFO] === Bot started ===
2025-08-22 22:21:22,642 [WARNING] Erreur avec les données gratuites: subscription does not permit querying recent SIP data, utilisation de données simulées
2025-08-22 22:21:23,262 [ERROR] Erreur dans manage_trade: insufficient qty available for order (requested: 1, available: 0)
2025-08-22 22:22:23,545 [WARNING] Erreur avec les données gratuites: subscription does not permit querying recent SIP data, utilisation de données simulées
2025-08-22 22:22:23,965 [ERROR] Erreur dans manage_trade: insufficient qty available for order (requested: 1, available: 0)
2025-08-22 22:27:21,742 [INFO] === Bot started ===
2025-08-22 22:27:22,097 [WARNING] Erreur avec les données gratuites: subscription does not permit querying recent SIP data, utilisation de données simulées
2025-08-22 22:27:22,483 [ERROR] Erreur récupération quotes options: 'REST' object has no attribute 'get_option_quote'
2025-08-22 22:27:22,487 [INFO] IV estimées - Call: 3.5187, Put: 3.8890
2025-08-22 22:27:22,489 [INFO] Options .25 delta trouvées - Call IV: 3.5187, Put IV: 3.8890
2025-08-22 22:37:04,443 [INFO] === Bot started ===
2025-08-22 22:37:04,858 [WARNING] Erreur avec les données gratuites: subscription does not permit querying recent SIP data, utilisation de données simulées
2025-08-22 22:37:05,241 [ERROR] Erreur récupération quotes options: 'REST' object has no attribute 'get_option_quote'
2025-08-22 22:37:05,350 [ERROR] Erreur récupération quotes options: 'REST' object has no attribute 'get_option_quote'
2025-08-22 22:37:05,457 [ERROR] Erreur récupération quotes options: 'REST' object has no attribute 'get_option_quote'
2025-08-22 22:37:05,562 [ERROR] Erreur récupération quotes options: 'REST' object has no attribute 'get_option_quote'
2025-08-22 22:37:05,665 [ERROR] Erreur récupération quotes options: 'REST' object has no attribute 'get_option_quote'
2025-08-22 22:37:05,770 [ERROR] Erreur récupération quotes options: 'REST' object has no attribute 'get_option_quote'
2025-08-22 22:37:05,881 [ERROR] Erreur récupération quotes options: 'REST' object has no attribute 'get_option_quote'
2025-08-22 22:37:06,021 [ERROR] Erreur récupération quotes options: 'REST' object has no attribute 'get_option_quote'
2025-08-22 22:37:06,134 [ERROR] Erreur récupération quotes options: 'REST' object has no attribute 'get_option_quote'
2025-08-22 22:37:06,244 [ERROR] Erreur récupération quotes options: 'REST' object has no attribute 'get_option_quote'
2025-08-22 22:37:06,355 [ERROR] Erreur récupération quotes options: 'REST' object has no attribute 'get_option_quote'
2025-08-22 22:37:06,465 [ERROR] Erreur récupération quotes options: 'REST' object has no attribute 'get_option_quote'
2025-08-22 22:37:06,570 [ERROR] Erreur récupération quotes options: 'REST' object has no attribute 'get_option_quote'
2025-08-22 22:37:06,677 [ERROR] Erreur récupération quotes options: 'REST' object has no attribute 'get_option_quote'
2025-08-22 22:37:06,782 [ERROR] Erreur récupération quotes options: 'REST' object has no attribute 'get_option_quote'
2025-08-22 22:37:06,887 [ERROR] Erreur récupération quotes options: 'REST' object has no attribute 'get_option_quote'
2025-08-22 22:37:06,991 [ERROR] Erreur récupération quotes options: 'REST' object has no attribute 'get_option_quote'
2025-08-22 22:37:07,097 [ERROR] Erreur récupération quotes options: 'REST' object has no attribute 'get_option_quote'
2025-08-22 22:37:07,203 [ERROR] Erreur récupération quotes options: 'REST' object has no attribute 'get_option_quote'
2025-08-22 22:37:07,313 [ERROR] Erreur récupération quotes options: 'REST' object has no attribute 'get_option_quote'
2025-08-22 22:38:07,886 [WARNING] Erreur avec les données gratuites: subscription does not permit querying recent SIP data, utilisation de données simulées
2025-08-22 22:38:07,998 [ERROR] Erreur récupération quotes options: 'REST' object has no attribute 'get_option_quote'
2025-08-22 22:38:08,105 [ERROR] Erreur récupération quotes options: 'REST' object has no attribute 'get_option_quote'
2025-08-22 22:38:08,217 [ERROR] Erreur récupération quotes options: 'REST' object has no attribute 'get_option_quote'
2025-08-22 22:38:08,362 [ERROR] Erreur récupération quotes options: 'REST' object has no attribute 'get_option_quote'
2025-08-22 22:38:08,465 [ERROR] Erreur récupération quotes options: 'REST' object has no attribute 'get_option_quote'
2025-08-22 22:38:08,606 [ERROR] Erreur récupération quotes options: 'REST' object has no attribute 'get_option_quote'
2025-08-22 22:38:08,711 [ERROR] Erreur récupération quotes options: 'REST' object has no attribute 'get_option_quote'
2025-08-22 22:38:08,818 [ERROR] Erreur récupération quotes options: 'REST' object has no attribute 'get_option_quote'
2025-08-22 22:38:08,919 [ERROR] Erreur récupération quotes options: 'REST' object has no attribute 'get_option_quote'
2025-08-22 22:38:09,021 [ERROR] Erreur récupération quotes options: 'REST' object has no attribute 'get_option_quote'
2025-08-22 22:38:09,130 [ERROR] Erreur récupération quotes options: 'REST' object has no attribute 'get_option_quote'
2025-08-22 22:38:09,234 [ERROR] Erreur récupération quotes options: 'REST' object has no attribute 'get_option_quote'
2025-08-22 22:38:09,344 [ERROR] Erreur récupération quotes options: 'REST' object has no attribute 'get_option_quote'
2025-08-22 22:38:09,447 [ERROR] Erreur récupération quotes options: 'REST' object has no attribute 'get_option_quote'
2025-08-22 22:38:09,554 [ERROR] Erreur récupération quotes options: 'REST' object has no attribute 'get_option_quote'
2025-08-22 22:38:09,659 [ERROR] Erreur récupération quotes options: 'REST' object has no attribute 'get_option_quote'
2025-08-22 22:38:09,759 [ERROR] Erreur récupération quotes options: 'REST' object has no attribute 'get_option_quote'
2025-08-22 22:38:09,860 [ERROR] Erreur récupération quotes options: 'REST' object has no attribute 'get_option_quote'
2025-08-22 22:38:09,967 [ERROR] Erreur récupération quotes options: 'REST' object has no attribute 'get_option_quote'
2025-08-22 22:38:10,071 [ERROR] Erreur récupération quotes options: 'REST' object has no attribute 'get_option_quote'
2025-08-22 22:41:01,877 [INFO] === Bot LIVE IV Spread Strategy Started ===
2025-08-22 22:41:02,237 [WARNING] Erreur avec les données gratuites: subscription does not permit querying recent SIP data, utilisation de données simulées
2025-08-22 22:41:02,621 [ERROR] Erreur récupération quotes options: 'REST' object has no attribute 'get_option_quote'
2025-08-22 22:41:02,627 [WARNING] Options .25 delta non trouvées dans les données live
2025-08-22 22:41:02,627 [WARNING] Dataset live non disponible, signal neutre
